2017-01-11 16:43:54,246 [FileSystemWatcher: files=#92 cl=groovy.lang.GroovyClassLoader@f1a30] ERROR StackTrace  - Full Stack Trace:
groovy.lang.MissingMethodException: No signature of method: geldb.FluidSpecimen.yesNo() is applicable for argument types: (java.util.LinkedHashMap) values: [[nullable:true]]
Possible solutions: getId(), last(), list(), merge(), last(), list()
	at org.codehaus.groovy.runtime.ScriptBytecodeAdapter.unwrap(ScriptBytecodeAdapter.java:55)
	at org.codehaus.groovy.runtime.callsite.PogoMetaClassSite.callCurrent(PogoMetaClassSite.java:78)
	at org.codehaus.groovy.runtime.callsite.CallSiteArray.defaultCallCurrent(CallSiteArray.java:49)
	at org.codehaus.groovy.runtime.callsite.AbstractCallSite.callCurrent(AbstractCallSite.java:133)
	at org.codehaus.groovy.runtime.callsite.AbstractCallSite.callCurrent(AbstractCallSite.java:141)
	at geldb.Specimen$__clinit__closure2$$EQ81CsJn.doCall(Specimen.groovy:30)
	at geldb.Specimen$__clinit__closure2$$DQ81CsJn.doCall(Unknown Source)
	at geldb.Specimen$__clinit__closure2.doCall(Specimen.groovy)
	at geldb.Specimen$__clinit__closure2$$EQ81CsJn.doCall(Specimen.groovy)
	at sun.reflect.NativeMethodAccessorImpl.invoke0(Native Method)
	at sun.reflect.NativeMethodAccessorImpl.invoke(NativeMethodAccessorImpl.java:57)
	at sun.reflect.DelegatingMethodAccessorImpl.invoke(DelegatingMethodAccessorImpl.java:43)
	at java.lang.reflect.Method.invoke(Method.java:606)
	at org.springsource.loaded.ri.ReloadedTypeInvoker$2.invoke(ReloadedTypeInvoker.java:122)
	at org.springsource.loaded.ri.ReflectiveInterceptor.jlrMethodInvoke(ReflectiveInterceptor.java:1283)
	at org.codehaus.groovy.reflection.CachedMethod.invoke(CachedMethod.java:90)
	at groovy.lang.MetaMethod.doMethodInvoke(MetaMethod.java:233)
	at groovy.lang.MetaClassImpl.invokeMethod(MetaClassImpl.java:1086)
	at groovy.lang.ExpandoMetaClass.invokeMethod(ExpandoMetaClass.java:1110)
	at groovy.lang.MetaClassImpl.invokeMethod(MetaClassImpl.java:910)
	at groovy.lang.Closure.call(Closure.java:411)
	at geldb.Specimen$__clinit__closure2.call(Specimen.groovy)
	at groovy.lang.Closure.call(Closure.java:405)
	at geldb.Specimen$__clinit__closure2.call(Specimen.groovy)
	at org.codehaus.groovy.grails.validation.DefaultConstraintEvaluator.evaluateConstraints(DefaultConstraintEvaluator.java:105)
	at org.codehaus.groovy.grails.validation.DefaultConstraintEvaluator.evaluate(DefaultConstraintEvaluator.java:300)
	at org.codehaus.groovy.grails.commons.DefaultGrailsDomainClass.refreshConstraints(DefaultGrailsDomainClass.java:792)
	at org.codehaus.groovy.grails.commons.DefaultGrailsApplication.refreshConstraints(DefaultGrailsApplication.java:400)
	at org.codehaus.groovy.grails.commons.GrailsApplication$refreshConstraints$0.call(Unknown Source)
	at org.codehaus.groovy.runtime.callsite.CallSiteArray.defaultCall(CallSiteArray.java:45)
	at org.codehaus.groovy.runtime.callsite.AbstractCallSite.call(AbstractCallSite.java:108)
	at org.codehaus.groovy.runtime.callsite.AbstractCallSite.call(AbstractCallSite.java:112)
	at org.codehaus.groovy.grails.plugins.DomainClassGrailsPlugin$_closure3.doCall(DomainClassGrailsPlugin.groovy:158)
	at sun.reflect.NativeMethodAccessorImpl.invoke0(Native Method)
	at sun.reflect.NativeMethodAccessorImpl.invoke(NativeMethodAccessorImpl.java:57)
	at sun.reflect.DelegatingMethodAccessorImpl.invoke(DelegatingMethodAccessorImpl.java:43)
	at java.lang.reflect.Method.invoke(Method.java:606)
	at org.springsource.loaded.ri.ReflectiveInterceptor.jlrMethodInvoke(ReflectiveInterceptor.java:1260)
	at org.codehaus.groovy.reflection.CachedMethod.invoke(CachedMethod.java:90)
	at groovy.lang.MetaMethod.doMethodInvoke(MetaMethod.java:233)
	at groovy.lang.MetaClassImpl.invokeMethod(MetaClassImpl.java:1086)
	at groovy.lang.ExpandoMetaClass.invokeMethod(ExpandoMetaClass.java:1110)
	at groovy.lang.MetaClassImpl.invokeMethod(MetaClassImpl.java:910)
	at groovy.lang.Closure.call(Closure.java:411)
	at org.codehaus.groovy.grails.plugins.DefaultGrailsPlugin.invokeOnChangeListener(DefaultGrailsPlugin.java:767)
	at org.codehaus.groovy.grails.plugins.DefaultGrailsPlugin.notifyOfEvent(DefaultGrailsPlugin.java:716)
	at org.codehaus.groovy.grails.plugins.DefaultGrailsPlugin.notifyOfEvent(DefaultGrailsPlugin.java:731)
	at org.codehaus.groovy.grails.plugins.AbstractGrailsPluginManager.informOfClassChange(AbstractGrailsPluginManager.java:409)
	at org.codehaus.groovy.grails.compiler.GrailsProjectWatcher$2.run(GrailsProjectWatcher.java:263)
	at org.codehaus.groovy.grails.compiler.GrailsProjectWatcher.firePendingClassChangeEvents(GrailsProjectWatcher.java:124)
	at org.codehaus.groovy.grails.cli.agent.GrailsPluginManagerReloadPlugin.reloadEvent(GrailsPluginManagerReloadPlugin.java:42)
	at org.springsource.loaded.TypeRegistry.fireReloadEvent(TypeRegistry.java:1664)
	at org.springsource.loaded.ReloadableType.loadNewVersion(ReloadableType.java:397)
	at org.springsource.loaded.TypeRegistry.loadNewVersion(TypeRegistry.java:828)
	at org.springsource.loaded.agent.ReloadableFileChangeListener.fileChanged(ReloadableFileChangeListener.java:51)
	at org.springsource.loaded.agent.Watcher.determineChangesSince(FileSystemWatcher.java:235)
	at org.springsource.loaded.agent.Watcher.run(FileSystemWatcher.java:219)
	at java.lang.Thread.run(Thread.java:744)
2017-01-11 16:43:54,258 [FileSystemWatcher: files=#92 cl=groovy.lang.GroovyClassLoader@f1a30] ERROR StackTrace  - Full Stack Trace:
groovy.lang.MissingMethodException: No signature of method: geldb.FluidSpecimen.yesNo() is applicable for argument types: (java.util.LinkedHashMap) values: [[nullable:true]]
Possible solutions: getId(), last(), list(), merge(), last(), list()
	at geldb.Specimen$__clinit__closure2$$EQ81CsJn.doCall(Specimen.groovy:30)
	at java.lang.Thread.run(Thread.java:744)
2017-01-11 16:43:54,264 [FileSystemWatcher: files=#92 cl=groovy.lang.GroovyClassLoader@f1a30] ERROR StackTrace  - Full Stack Trace:
groovy.lang.MissingMethodException: No signature of method: geldb.FluidSpecimen.yesNo() is applicable for argument types: (java.util.LinkedHashMap) values: [[nullable:true]]
Possible solutions: getId(), last(), list(), merge(), last(), list()
	at geldb.Specimen$__clinit__closure2$$EQ81CsJn.doCall(Specimen.groovy:30)
	at java.lang.Thread.run(Thread.java:744)
2017-01-11 16:43:54,266 [FileSystemWatcher: files=#92 cl=groovy.lang.GroovyClassLoader@f1a30] ERROR StackTrace  - Full Stack Trace:
groovy.lang.MissingMethodException: No signature of method: geldb.FluidSpecimen.yesNo() is applicable for argument types: (java.util.LinkedHashMap) values: [[nullable:true]]
Possible solutions: getId(), last(), list(), merge(), last(), list()
	at geldb.Specimen$__clinit__closure2$$EQ81CsJn.doCall(Specimen.groovy:30)
	at java.lang.Thread.run(Thread.java:744)
